Determining if the pthread_create exist failed with the following output:
Change Dir: /home/avalon/catkin_ws/build/CMakeFiles/CMakeTmp

Run Build Command:"/usr/bin/make" "cmTC_53a99/fast"
/usr/bin/make -f CMakeFiles/cmTC_53a99.dir/build.make CMakeFiles/cmTC_53a99.dir/build
make[1]: Entering directory '/home/avalon/catkin_ws/build/CMakeFiles/CMakeTmp'
Building C object CMakeFiles/cmTC_53a99.dir/CheckSymbolExists.c.o
/usr/bin/cc     -o CMakeFiles/cmTC_53a99.dir/CheckSymbolExists.c.o   -c /home/avalon/catkin_ws/build/CMakeFiles/CMakeTmp/CheckSymbolExists.c
Linking C executable cmTC_53a99
/usr/bin/cmake -E cmake_link_script CMakeFiles/cmTC_53a99.dir/link.txt --verbose=1
/usr/bin/cc       CMakeFiles/cmTC_53a99.dir/CheckSymbolExists.c.o  -o cmTC_53a99 -rdynamic 
CMakeFiles/cmTC_53a99.dir/CheckSymbolExists.c.o: In function `main':
CheckSymbolExists.c:(.text+0x1b): undefined reference to `pthread_create'
collect2: error: ld returned 1 exit status
CMakeFiles/cmTC_53a99.dir/build.make:97: recipe for target 'cmTC_53a99' failed
make[1]: *** [cmTC_53a99] Error 1
make[1]: Leaving directory '/home/avalon/catkin_ws/build/CMakeFiles/CMakeTmp'
Makefile:126: recipe for target 'cmTC_53a99/fast' failed
make: *** [cmTC_53a99/fast] Error 2

File /home/avalon/catkin_ws/build/CMakeFiles/CMakeTmp/CheckSymbolExists.c:
/* */
#include <pthread.h>

int main(int argc, char** argv)
{
  (void)argv;
#ifndef pthread_create
  return ((int*)(&pthread_create))[argc];
#else
  (void)argc;
  return 0;
#endif
}

Determining if the function pthread_create exists in the pthreads failed with the following output:
Change Dir: /home/avalon/catkin_ws/build/CMakeFiles/CMakeTmp

Run Build Command:"/usr/bin/make" "cmTC_1791b/fast"
/usr/bin/make -f CMakeFiles/cmTC_1791b.dir/build.make CMakeFiles/cmTC_1791b.dir/build
make[1]: Entering directory '/home/avalon/catkin_ws/build/CMakeFiles/CMakeTmp'
Building C object CMakeFiles/cmTC_1791b.dir/CheckFunctionExists.c.o
/usr/bin/cc    -DCHECK_FUNCTION_EXISTS=pthread_create   -o CMakeFiles/cmTC_1791b.dir/CheckFunctionExists.c.o   -c /usr/share/cmake-3.7/Modules/CheckFunctionExists.c
Linking C executable cmTC_1791b
/usr/bin/cmake -E cmake_link_script CMakeFiles/cmTC_1791b.dir/link.txt --verbose=1
/usr/bin/cc   -DCHECK_FUNCTION_EXISTS=pthread_create    CMakeFiles/cmTC_1791b.dir/CheckFunctionExists.c.o  -o cmTC_1791b -rdynamic -lpthreads 
/usr/bin/ld: cannot find -lpthreads
collect2: error: ld returned 1 exit status
CMakeFiles/cmTC_1791b.dir/build.make:97: recipe for target 'cmTC_1791b' failed
make[1]: *** [cmTC_1791b] Error 1
make[1]: Leaving directory '/home/avalon/catkin_ws/build/CMakeFiles/CMakeTmp'
Makefile:126: recipe for target 'cmTC_1791b/fast' failed
make: *** [cmTC_1791b/fast] Error 2


